mode: set
github.com/kubeflow/kubeflow/v2/internal/controller/reconciler/notebook/reconciler.go:61.58,80.2 2 1
github.com/kubeflow/kubeflow/v2/internal/controller/reconciler/notebook/reconciler.go:84.57,85.29 1 1
github.com/kubeflow/kubeflow/v2/internal/controller/reconciler/notebook/reconciler.go:85.29,87.3 1 1
github.com/kubeflow/kubeflow/v2/internal/controller/reconciler/notebook/reconciler.go:90.66,91.29 1 1
github.com/kubeflow/kubeflow/v2/internal/controller/reconciler/notebook/reconciler.go:91.29,93.3 1 1
github.com/kubeflow/kubeflow/v2/internal/controller/reconciler/notebook/reconciler.go:96.47,97.29 1 1
github.com/kubeflow/kubeflow/v2/internal/controller/reconciler/notebook/reconciler.go:97.29,98.16 1 1
github.com/kubeflow/kubeflow/v2/internal/controller/reconciler/notebook/reconciler.go:98.16,100.4 1 0
github.com/kubeflow/kubeflow/v2/internal/controller/reconciler/notebook/reconciler.go:104.76,112.26 2 1
github.com/kubeflow/kubeflow/v2/internal/controller/reconciler/notebook/reconciler.go:115.2,115.10 1 1
github.com/kubeflow/kubeflow/v2/internal/controller/reconciler/notebook/reconciler.go:112.26,114.3 1 1
github.com/kubeflow/kubeflow/v2/internal/controller/reconciler/notebook/reconciler.go:135.92,139.72 2 1
github.com/kubeflow/kubeflow/v2/internal/controller/reconciler/notebook/reconciler.go:147.2,147.42 1 1
github.com/kubeflow/kubeflow/v2/internal/controller/reconciler/notebook/reconciler.go:151.2,162.76 2 1
github.com/kubeflow/kubeflow/v2/internal/controller/reconciler/notebook/reconciler.go:238.2,238.16 1 1
github.com/kubeflow/kubeflow/v2/internal/controller/reconciler/notebook/reconciler.go:242.2,242.13 1 1
github.com/kubeflow/kubeflow/v2/internal/controller/reconciler/notebook/reconciler.go:248.2,254.79 2 1
github.com/kubeflow/kubeflow/v2/internal/controller/reconciler/notebook/reconciler.go:275.2,275.16 1 1
github.com/kubeflow/kubeflow/v2/internal/controller/reconciler/notebook/reconciler.go:279.2,279.13 1 1
github.com/kubeflow/kubeflow/v2/internal/controller/reconciler/notebook/reconciler.go:284.2,285.114 2 1
github.com/kubeflow/kubeflow/v2/internal/controller/reconciler/notebook/reconciler.go:297.2,298.16 2 1
github.com/kubeflow/kubeflow/v2/internal/controller/reconciler/notebook/reconciler.go:301.2,301.27 1 1
github.com/kubeflow/kubeflow/v2/internal/controller/reconciler/notebook/reconciler.go:139.72,142.3 2 0
github.com/kubeflow/kubeflow/v2/internal/controller/reconciler/notebook/reconciler.go:147.42,149.3 1 0
github.com/kubeflow/kubeflow/v2/internal/controller/reconciler/notebook/reconciler.go:162.76,163.88 1 1
github.com/kubeflow/kubeflow/v2/internal/controller/reconciler/notebook/reconciler.go:167.3,167.24 1 1
github.com/kubeflow/kubeflow/v2/internal/controller/reconciler/notebook/reconciler.go:170.3,170.29 1 1
github.com/kubeflow/kubeflow/v2/internal/controller/reconciler/notebook/reconciler.go:174.3,174.55 1 1
github.com/kubeflow/kubeflow/v2/internal/controller/reconciler/notebook/reconciler.go:179.3,179.43 1 1
github.com/kubeflow/kubeflow/v2/internal/controller/reconciler/notebook/reconciler.go:187.3,202.79 4 1
github.com/kubeflow/kubeflow/v2/internal/controller/reconciler/notebook/reconciler.go:211.3,212.33 2 1
github.com/kubeflow/kubeflow/v2/internal/controller/reconciler/notebook/reconciler.go:215.3,215.29 1 1
github.com/kubeflow/kubeflow/v2/internal/controller/reconciler/notebook/reconciler.go:223.3,225.37 3 1
github.com/kubeflow/kubeflow/v2/internal/controller/reconciler/notebook/reconciler.go:228.3,229.38 2 1
github.com/kubeflow/kubeflow/v2/internal/controller/reconciler/notebook/reconciler.go:235.3,235.13 1 1
github.com/kubeflow/kubeflow/v2/internal/controller/reconciler/notebook/reconciler.go:163.88,165.4 1 0
github.com/kubeflow/kubeflow/v2/internal/controller/reconciler/notebook/reconciler.go:167.24,169.4 1 1
github.com/kubeflow/kubeflow/v2/internal/controller/reconciler/notebook/reconciler.go:170.29,172.4 1 1
github.com/kubeflow/kubeflow/v2/internal/controller/reconciler/notebook/reconciler.go:174.55,176.4 1 1
github.com/kubeflow/kubeflow/v2/internal/controller/reconciler/notebook/reconciler.go:179.43,181.4 1 0
github.com/kubeflow/kubeflow/v2/internal/controller/reconciler/notebook/reconciler.go:202.79,203.38 1 1
github.com/kubeflow/kubeflow/v2/internal/controller/reconciler/notebook/reconciler.go:203.38,208.5 2 1
github.com/kubeflow/kubeflow/v2/internal/controller/reconciler/notebook/reconciler.go:212.33,214.4 1 1
github.com/kubeflow/kubeflow/v2/internal/controller/reconciler/notebook/reconciler.go:215.29,221.4 1 1
github.com/kubeflow/kubeflow/v2/internal/controller/reconciler/notebook/reconciler.go:225.37,227.4 1 0
github.com/kubeflow/kubeflow/v2/internal/controller/reconciler/notebook/reconciler.go:229.38,231.4 1 0
github.com/kubeflow/kubeflow/v2/internal/controller/reconciler/notebook/reconciler.go:231.9,233.4 1 1
github.com/kubeflow/kubeflow/v2/internal/controller/reconciler/notebook/reconciler.go:238.16,241.3 2 0
github.com/kubeflow/kubeflow/v2/internal/controller/reconciler/notebook/reconciler.go:243.45,243.45 0 1
github.com/kubeflow/kubeflow/v2/internal/controller/reconciler/notebook/reconciler.go:244.45,244.45 0 1
github.com/kubeflow/kubeflow/v2/internal/controller/reconciler/notebook/reconciler.go:254.79,257.28 3 1
github.com/kubeflow/kubeflow/v2/internal/controller/reconciler/notebook/reconciler.go:260.3,272.13 2 1
github.com/kubeflow/kubeflow/v2/internal/controller/reconciler/notebook/reconciler.go:257.28,259.4 1 1
github.com/kubeflow/kubeflow/v2/internal/controller/reconciler/notebook/reconciler.go:275.16,278.3 2 0
github.com/kubeflow/kubeflow/v2/internal/controller/reconciler/notebook/reconciler.go:280.45,280.45 0 1
github.com/kubeflow/kubeflow/v2/internal/controller/reconciler/notebook/reconciler.go:281.45,281.45 0 1
github.com/kubeflow/kubeflow/v2/internal/controller/reconciler/notebook/reconciler.go:285.114,286.31 1 1
github.com/kubeflow/kubeflow/v2/internal/controller/reconciler/notebook/reconciler.go:286.31,288.4 1 0
github.com/kubeflow/kubeflow/v2/internal/controller/reconciler/notebook/reconciler.go:289.8,291.17 2 0
github.com/kubeflow/kubeflow/v2/internal/controller/reconciler/notebook/reconciler.go:291.17,293.4 1 0
github.com/kubeflow/kubeflow/v2/internal/controller/reconciler/notebook/reconciler.go:298.16,300.3 1 0
github.com/kubeflow/kubeflow/v2/internal/controller/reconciler/notebook/reconciler.go:305.68,311.16 4 1
github.com/kubeflow/kubeflow/v2/internal/controller/reconciler/notebook/reconciler.go:315.2,318.48 4 1
github.com/kubeflow/kubeflow/v2/internal/controller/reconciler/notebook/reconciler.go:311.16,313.3 1 0
github.com/kubeflow/kubeflow/v2/internal/controller/reconciler/notebook/reconciler.go:322.89,333.55 3 1
github.com/kubeflow/kubeflow/v2/internal/controller/reconciler/notebook/reconciler.go:341.2,343.46 3 1
github.com/kubeflow/kubeflow/v2/internal/controller/reconciler/notebook/reconciler.go:361.2,361.29 1 1
github.com/kubeflow/kubeflow/v2/internal/controller/reconciler/notebook/reconciler.go:370.2,372.39 3 1
github.com/kubeflow/kubeflow/v2/internal/controller/reconciler/notebook/reconciler.go:377.2,379.20 2 1
github.com/kubeflow/kubeflow/v2/internal/controller/reconciler/notebook/reconciler.go:333.55,336.3 2 1
github.com/kubeflow/kubeflow/v2/internal/controller/reconciler/notebook/reconciler.go:343.46,344.54 1 1
github.com/kubeflow/kubeflow/v2/internal/controller/reconciler/notebook/reconciler.go:348.3,348.72 1 1
github.com/kubeflow/kubeflow/v2/internal/controller/reconciler/notebook/reconciler.go:353.3,358.8 5 1
github.com/kubeflow/kubeflow/v2/internal/controller/reconciler/notebook/reconciler.go:344.54,345.12 1 0
github.com/kubeflow/kubeflow/v2/internal/controller/reconciler/notebook/reconciler.go:348.72,349.12 1 0
github.com/kubeflow/kubeflow/v2/internal/controller/reconciler/notebook/reconciler.go:361.29,367.3 1 1
github.com/kubeflow/kubeflow/v2/internal/controller/reconciler/notebook/reconciler.go:372.39,375.3 2 1
github.com/kubeflow/kubeflow/v2/internal/controller/reconciler/notebook/reconciler.go:382.75,386.24 2 1
github.com/kubeflow/kubeflow/v2/internal/controller/reconciler/notebook/reconciler.go:390.2,390.26 1 1
github.com/kubeflow/kubeflow/v2/internal/controller/reconciler/notebook/reconciler.go:394.2,394.27 1 1
github.com/kubeflow/kubeflow/v2/internal/controller/reconciler/notebook/reconciler.go:398.2,398.26 1 1
github.com/kubeflow/kubeflow/v2/internal/controller/reconciler/notebook/reconciler.go:404.2,405.12 2 1
github.com/kubeflow/kubeflow/v2/internal/controller/reconciler/notebook/reconciler.go:413.2,414.12 2 1
github.com/kubeflow/kubeflow/v2/internal/controller/reconciler/notebook/reconciler.go:420.2,420.18 1 1
github.com/kubeflow/kubeflow/v2/internal/controller/reconciler/notebook/reconciler.go:386.24,388.3 1 1
github.com/kubeflow/kubeflow/v2/internal/controller/reconciler/notebook/reconciler.go:390.26,392.3 1 1
github.com/kubeflow/kubeflow/v2/internal/controller/reconciler/notebook/reconciler.go:394.27,396.3 1 1
github.com/kubeflow/kubeflow/v2/internal/controller/reconciler/notebook/reconciler.go:398.26,400.3 1 1
github.com/kubeflow/kubeflow/v2/internal/controller/reconciler/notebook/reconciler.go:405.12,407.3 1 1
github.com/kubeflow/kubeflow/v2/internal/controller/reconciler/notebook/reconciler.go:407.8,409.3 1 0
github.com/kubeflow/kubeflow/v2/internal/controller/reconciler/notebook/reconciler.go:414.12,416.3 1 1
github.com/kubeflow/kubeflow/v2/internal/controller/reconciler/notebook/reconciler.go:416.8,418.3 1 0
github.com/kubeflow/kubeflow/v2/internal/controller/reconciler/notebook/watch.go:10.53,11.23 1 0
github.com/kubeflow/kubeflow/v2/internal/controller/reconciler/notebook/watch.go:24.2,24.12 1 0
github.com/kubeflow/kubeflow/v2/internal/controller/reconciler/notebook/watch.go:12.19,13.22 1 0
github.com/kubeflow/kubeflow/v2/internal/controller/reconciler/notebook/watch.go:16.3,17.10 2 0
github.com/kubeflow/kubeflow/v2/internal/controller/reconciler/notebook/watch.go:20.3,22.5 1 0
github.com/kubeflow/kubeflow/v2/internal/controller/reconciler/notebook/watch.go:13.22,15.4 1 0
github.com/kubeflow/kubeflow/v2/internal/controller/reconciler/notebook/watch.go:17.10,19.4 1 0
github.com/kubeflow/kubeflow/v2/internal/controller/reconciler/notebook/watch.go:27.38,29.9 2 0
github.com/kubeflow/kubeflow/v2/internal/controller/reconciler/notebook/watch.go:32.2,32.23 1 0
github.com/kubeflow/kubeflow/v2/internal/controller/reconciler/notebook/watch.go:35.2,35.42 1 0
github.com/kubeflow/kubeflow/v2/internal/controller/reconciler/notebook/watch.go:29.9,31.3 1 0
github.com/kubeflow/kubeflow/v2/internal/controller/reconciler/notebook/watch.go:32.23,34.3 1 0
github.com/kubeflow/kubeflow/v2/internal/controller/reconciler/notebook/culler/jupyter.go:33.76,36.16 3 0
github.com/kubeflow/kubeflow/v2/internal/controller/reconciler/notebook/culler/jupyter.go:40.2,40.38 1 0
github.com/kubeflow/kubeflow/v2/internal/controller/reconciler/notebook/culler/jupyter.go:44.2,44.15 1 0
github.com/kubeflow/kubeflow/v2/internal/controller/reconciler/notebook/culler/jupyter.go:47.2,48.68 2 0
github.com/kubeflow/kubeflow/v2/internal/controller/reconciler/notebook/culler/jupyter.go:51.2,51.21 1 0
github.com/kubeflow/kubeflow/v2/internal/controller/reconciler/notebook/culler/jupyter.go:36.16,38.3 1 0
github.com/kubeflow/kubeflow/v2/internal/controller/reconciler/notebook/culler/jupyter.go:40.38,42.3 1 0
github.com/kubeflow/kubeflow/v2/internal/controller/reconciler/notebook/culler/jupyter.go:44.15,46.3 1 0
github.com/kubeflow/kubeflow/v2/internal/controller/reconciler/notebook/culler/jupyter.go:48.68,50.3 1 0
github.com/kubeflow/kubeflow/v2/internal/controller/reconciler/notebook/culler/jupyter.go:54.65,56.16 2 0
github.com/kubeflow/kubeflow/v2/internal/controller/reconciler/notebook/culler/jupyter.go:59.2,59.23 1 0
github.com/kubeflow/kubeflow/v2/internal/controller/reconciler/notebook/culler/jupyter.go:63.2,63.31 1 0
github.com/kubeflow/kubeflow/v2/internal/controller/reconciler/notebook/culler/jupyter.go:68.2,68.18 1 0
github.com/kubeflow/kubeflow/v2/internal/controller/reconciler/notebook/culler/jupyter.go:56.16,58.3 1 0
github.com/kubeflow/kubeflow/v2/internal/controller/reconciler/notebook/culler/jupyter.go:59.23,62.3 1 0
github.com/kubeflow/kubeflow/v2/internal/controller/reconciler/notebook/culler/jupyter.go:63.31,64.36 1 0
github.com/kubeflow/kubeflow/v2/internal/controller/reconciler/notebook/culler/jupyter.go:64.36,66.4 1 0
github.com/kubeflow/kubeflow/v2/internal/controller/reconciler/notebook/culler/jupyter.go:71.79,73.16 2 0
github.com/kubeflow/kubeflow/v2/internal/controller/reconciler/notebook/culler/jupyter.go:76.2,76.23 1 0
github.com/kubeflow/kubeflow/v2/internal/controller/reconciler/notebook/culler/jupyter.go:80.2,81.16 2 0
github.com/kubeflow/kubeflow/v2/internal/controller/reconciler/notebook/culler/jupyter.go:85.2,85.31 1 0
github.com/kubeflow/kubeflow/v2/internal/controller/reconciler/notebook/culler/jupyter.go:94.2,94.21 1 0
github.com/kubeflow/kubeflow/v2/internal/controller/reconciler/notebook/culler/jupyter.go:73.16,75.3 1 0
github.com/kubeflow/kubeflow/v2/internal/controller/reconciler/notebook/culler/jupyter.go:76.23,78.3 1 0
github.com/kubeflow/kubeflow/v2/internal/controller/reconciler/notebook/culler/jupyter.go:81.16,83.3 1 0
github.com/kubeflow/kubeflow/v2/internal/controller/reconciler/notebook/culler/jupyter.go:85.31,87.17 2 0
github.com/kubeflow/kubeflow/v2/internal/controller/reconciler/notebook/culler/jupyter.go:90.3,90.27 1 0
github.com/kubeflow/kubeflow/v2/internal/controller/reconciler/notebook/culler/jupyter.go:87.17,88.12 1 0
github.com/kubeflow/kubeflow/v2/internal/controller/reconciler/notebook/culler/jupyter.go:90.27,92.4 1 0
github.com/kubeflow/kubeflow/v2/internal/controller/reconciler/notebook/culler/jupyter.go:99.69,101.2 1 0
github.com/kubeflow/kubeflow/v2/internal/controller/reconciler/notebook/culler/jupyter.go:103.83,106.2 2 1
github.com/kubeflow/kubeflow/v2/internal/controller/reconciler/notebook/culler/jupyter.go:112.68,114.2 1 0
github.com/kubeflow/kubeflow/v2/internal/controller/reconciler/notebook/culler/jupyter.go:116.82,119.2 2 0
github.com/kubeflow/kubeflow/v2/internal/controller/reconciler/notebook/culler/reconciler.go:35.84,60.2 5 1
github.com/kubeflow/kubeflow/v2/internal/controller/reconciler/notebook/culler/reconciler.go:64.52,65.29 1 1
github.com/kubeflow/kubeflow/v2/internal/controller/reconciler/notebook/culler/reconciler.go:65.29,67.3 1 1
github.com/kubeflow/kubeflow/v2/internal/controller/reconciler/notebook/culler/reconciler.go:70.63,71.29 1 1
github.com/kubeflow/kubeflow/v2/internal/controller/reconciler/notebook/culler/reconciler.go:71.29,73.3 1 1
github.com/kubeflow/kubeflow/v2/internal/controller/reconciler/notebook/culler/reconciler.go:76.52,77.29 1 1
github.com/kubeflow/kubeflow/v2/internal/controller/reconciler/notebook/culler/reconciler.go:77.29,79.3 1 1
github.com/kubeflow/kubeflow/v2/internal/controller/reconciler/notebook/culler/reconciler.go:82.76,90.26 2 1
github.com/kubeflow/kubeflow/v2/internal/controller/reconciler/notebook/culler/reconciler.go:94.2,94.10 1 1
github.com/kubeflow/kubeflow/v2/internal/controller/reconciler/notebook/culler/reconciler.go:90.26,92.3 1 1
github.com/kubeflow/kubeflow/v2/internal/controller/reconciler/notebook/culler/reconciler.go:104.92,107.72 2 1
github.com/kubeflow/kubeflow/v2/internal/controller/reconciler/notebook/culler/reconciler.go:111.2,111.47 1 1
github.com/kubeflow/kubeflow/v2/internal/controller/reconciler/notebook/culler/reconciler.go:115.2,116.24 2 1
github.com/kubeflow/kubeflow/v2/internal/controller/reconciler/notebook/culler/reconciler.go:119.2,119.51 1 1
github.com/kubeflow/kubeflow/v2/internal/controller/reconciler/notebook/culler/reconciler.go:123.2,140.26 4 1
github.com/kubeflow/kubeflow/v2/internal/controller/reconciler/notebook/culler/reconciler.go:150.2,150.12 1 1
github.com/kubeflow/kubeflow/v2/internal/controller/reconciler/notebook/culler/reconciler.go:157.2,158.67 2 1
github.com/kubeflow/kubeflow/v2/internal/controller/reconciler/notebook/culler/reconciler.go:163.2,163.51 1 1
github.com/kubeflow/kubeflow/v2/internal/controller/reconciler/notebook/culler/reconciler.go:175.2,176.16 2 1
github.com/kubeflow/kubeflow/v2/internal/controller/reconciler/notebook/culler/reconciler.go:180.2,181.16 2 1
github.com/kubeflow/kubeflow/v2/internal/controller/reconciler/notebook/culler/reconciler.go:189.2,189.39 1 1
github.com/kubeflow/kubeflow/v2/internal/controller/reconciler/notebook/culler/reconciler.go:202.2,203.16 2 1
github.com/kubeflow/kubeflow/v2/internal/controller/reconciler/notebook/culler/reconciler.go:208.2,208.48 1 1
github.com/kubeflow/kubeflow/v2/internal/controller/reconciler/notebook/culler/reconciler.go:107.72,109.3 1 0
github.com/kubeflow/kubeflow/v2/internal/controller/reconciler/notebook/culler/reconciler.go:111.47,113.3 1 0
github.com/kubeflow/kubeflow/v2/internal/controller/reconciler/notebook/culler/reconciler.go:116.24,118.3 1 1
github.com/kubeflow/kubeflow/v2/internal/controller/reconciler/notebook/culler/reconciler.go:119.51,121.3 1 0
github.com/kubeflow/kubeflow/v2/internal/controller/reconciler/notebook/culler/reconciler.go:140.26,141.56 1 1
github.com/kubeflow/kubeflow/v2/internal/controller/reconciler/notebook/culler/reconciler.go:147.3,148.57 2 1
github.com/kubeflow/kubeflow/v2/internal/controller/reconciler/notebook/culler/reconciler.go:141.56,142.34 1 1
github.com/kubeflow/kubeflow/v2/internal/controller/reconciler/notebook/culler/reconciler.go:145.4,145.12 1 1
github.com/kubeflow/kubeflow/v2/internal/controller/reconciler/notebook/culler/reconciler.go:142.34,144.5 1 0
github.com/kubeflow/kubeflow/v2/internal/controller/reconciler/notebook/culler/reconciler.go:150.12,153.3 2 1
github.com/kubeflow/kubeflow/v2/internal/controller/reconciler/notebook/culler/reconciler.go:158.67,160.3 1 0
github.com/kubeflow/kubeflow/v2/internal/controller/reconciler/notebook/culler/reconciler.go:163.51,166.3 1 1
github.com/kubeflow/kubeflow/v2/internal/controller/reconciler/notebook/culler/reconciler.go:176.16,178.3 1 0
github.com/kubeflow/kubeflow/v2/internal/controller/reconciler/notebook/culler/reconciler.go:181.16,186.3 1 0
github.com/kubeflow/kubeflow/v2/internal/controller/reconciler/notebook/culler/reconciler.go:189.39,193.29 3 1
github.com/kubeflow/kubeflow/v2/internal/controller/reconciler/notebook/culler/reconciler.go:196.3,197.57 2 1
github.com/kubeflow/kubeflow/v2/internal/controller/reconciler/notebook/culler/reconciler.go:193.29,195.4 1 1
github.com/kubeflow/kubeflow/v2/internal/controller/reconciler/notebook/culler/reconciler.go:197.57,199.4 1 0
github.com/kubeflow/kubeflow/v2/internal/controller/reconciler/notebook/culler/reconciler.go:203.16,206.3 1 0
github.com/kubeflow/kubeflow/v2/internal/controller/reconciler/notebook/culler/watch.go:19.105,21.2 1 1
github.com/kubeflow/kubeflow/v2/internal/controller/reconciler/notebook/culler/watch.go:23.105,26.2 2 0
github.com/kubeflow/kubeflow/v2/internal/controller/reconciler/notebook/culler/watch.go:28.106,29.2 0 0
github.com/kubeflow/kubeflow/v2/internal/controller/reconciler/notebook/culler/watch.go:31.107,33.2 1 0
github.com/kubeflow/kubeflow/v2/internal/controller/reconciler/notebook/culler/watch.go:35.94,37.36 2 1
github.com/kubeflow/kubeflow/v2/internal/controller/reconciler/notebook/culler/watch.go:41.2,42.83 2 1
github.com/kubeflow/kubeflow/v2/internal/controller/reconciler/notebook/culler/watch.go:46.2,46.42 1 1
github.com/kubeflow/kubeflow/v2/internal/controller/reconciler/notebook/culler/watch.go:37.36,39.3 1 1
github.com/kubeflow/kubeflow/v2/internal/controller/reconciler/notebook/culler/watch.go:42.83,44.3 1 0
github.com/kubeflow/kubeflow/v2/internal/controller/reconciler/notebook/culler/watch.go:46.42,48.3 1 1
github.com/kubeflow/kubeflow/v2/internal/controller/reconciler/notebook/culler/watch.go:53.38,54.66 1 1
github.com/kubeflow/kubeflow/v2/internal/controller/reconciler/notebook/culler/watch.go:57.2,57.14 1 1
github.com/kubeflow/kubeflow/v2/internal/controller/reconciler/notebook/culler/watch.go:54.66,56.3 1 0
